
=== Tue Sep 29 08:50:52 2020

Packages were changed.
Update Mode: updateDependencies

The following packages were updated:
  com.unity.2d.animation from version 3.2.1 to 3.2.4
  com.unity.2d.psdimporter from version 2.1.3 to 2.1.5
  com.unity.2d.spriteshape from version 3.0.10 to 3.0.13
  com.unity.ide.vscode from version 1.2.0 to 1.2.1
  com.unity.test-framework from version 1.1.13 to 1.1.16

=== Wed Dec  2 15:33:24 2020

Packages were changed.
Update Mode: updateDependencies

The following packages were updated:
  com.unity.2d.animation from version 3.2.4 to 3.2.5
  com.unity.2d.psdimporter from version 2.1.5 to 2.1.6
  com.unity.2d.spriteshape from version 3.0.13 to 3.0.14
  com.unity.ide.vscode from version 1.2.1 to 1.2.2
  com.unity.test-framework from version 1.1.16 to 1.1.18

=== Mon May 10 20:03:19 2021

Packages were changed.
Update Mode: updateDependencies

The following packages were updated:
  com.unity.2d.pixel-perfect from version 2.0.4 to 2.1.0
  com.unity.2d.spriteshape from version 3.0.14 to 3.0.15
  com.unity.ide.rider from version 1.1.4 to 1.2.1
  com.unity.ide.vscode from version 1.2.2 to 1.2.3
  com.unity.test-framework from version 1.1.18 to 1.1.24
  com.unity.textmeshpro from version 2.0.1 to 2.1.4
  com.unity.timeline from version 1.2.14 to 1.2.18

=== Tue May 18 02:19:40 2021

Packages were changed.
Update Mode: updateDependencies

The following packages were added:
  com.unity.ide.visualstudio@2.0.7
The following packages were updated:
  com.unity.2d.animation from version 3.2.5 to 5.0.4
  com.unity.2d.pixel-perfect from version 2.1.0 to 4.0.1
  com.unity.2d.psdimporter from version 2.1.6 to 4.0.2
  com.unity.2d.spriteshape from version 3.0.15 to 5.1.1
  com.unity.collab-proxy from version 1.2.16 to 1.3.9
  com.unity.ide.rider from version 1.2.1 to 2.0.7
  com.unity.textmeshpro from version 2.1.4 to 3.0.1
  com.unity.timeline from version 1.2.18 to 1.4.7
